  Source.cpp
C:\Users\sadeg\source\repos\ghasem24681357\question4\Source.cpp(16,17): warning C4305: 'initializing': truncation from 'double' to 'GLfloat'
C:\Users\sadeg\source\repos\ghasem24681357\question4\Source.cpp(16,27): warning C4305: 'initializing': truncation from 'double' to 'GLfloat'
C:\Users\sadeg\source\repos\ghasem24681357\question4\Source.cpp(16,37): warning C4305: 'initializing': truncation from 'double' to 'GLfloat'
C:\Users\sadeg\source\repos\ghasem24681357\question4\Source.cpp(23,36): warning C4305: 'initializing': truncation from 'double' to 'GLfloat'
C:\Users\sadeg\source\repos\ghasem24681357\question4\Source.cpp(25,37): warning C4305: 'initializing': truncation from 'double' to 'GLfloat'
C:\Users\sadeg\source\repos\ghasem24681357\question4\Source.cpp(26,30): warning C4305: 'initializing': truncation from 'double' to 'GLfloat'
C:\Users\sadeg\source\repos\ghasem24681357\question4\Source.cpp(27,62): warning C4305: 'initializing': truncation from 'double' to 'GLfloat'
C:\Users\sadeg\source\repos\ghasem24681357\question4\Source.cpp(58,29): warning C4305: 'argument': truncation from 'double' to 'GLfloat'
C:\Users\sadeg\source\repos\ghasem24681357\question4\Source.cpp(62,28): warning C4305: 'argument': truncation from 'double' to 'GLfloat'
C:\Users\sadeg\source\repos\ghasem24681357\question4\Source.cpp(107,28): warning C4305: 'argument': truncation from 'double' to 'GLfloat'
C:\Users\sadeg\source\repos\ghasem24681357\question4\Source.cpp(115,27): warning C4305: 'argument': truncation from 'double' to 'GLfloat'
C:\Users\sadeg\source\repos\ghasem24681357\question4\Source.cpp(119,28): warning C4305: 'argument': truncation from 'double' to 'GLfloat'
C:\Users\sadeg\source\repos\ghasem24681357\question4\Source.cpp(120,30): warning C4305: 'argument': truncation from 'double' to 'GLfloat'
C:\Users\sadeg\source\repos\ghasem24681357\question4\Source.cpp(127,28): warning C4305: 'argument': truncation from 'double' to 'GLfloat'
C:\Users\sadeg\source\repos\ghasem24681357\question4\Source.cpp(128,27): warning C4305: 'argument': truncation from 'double' to 'GLfloat'
C:\Users\sadeg\source\repos\ghasem24681357\question4\Source.cpp(135,28): warning C4305: 'argument': truncation from 'double' to 'GLfloat'
C:\Users\sadeg\source\repos\ghasem24681357\question4\Source.cpp(136,30): warning C4305: 'argument': truncation from 'double' to 'GLfloat'
C:\Users\sadeg\source\repos\ghasem24681357\question4\Source.cpp(139,40): warning C4305: 'argument': truncation from 'double' to 'GLfloat'
C:\Users\sadeg\source\repos\ghasem24681357\question4\Source.cpp(140,31): warning C4305: 'argument': truncation from 'double' to 'GLfloat'
C:\Users\sadeg\source\repos\ghasem24681357\question4\Source.cpp(150,31): warning C4305: 'argument': truncation from 'double' to 'GLfloat'
C:\Users\sadeg\source\repos\ghasem24681357\question4\Source.cpp(151,30): warning C4305: 'argument': truncation from 'double' to 'GLfloat'
C:\Users\sadeg\source\repos\ghasem24681357\question4\Source.cpp(156,31): warning C4305: 'argument': truncation from 'double' to 'GLfloat'
C:\Users\sadeg\source\repos\ghasem24681357\question4\Source.cpp(159,39): warning C4305: 'initializing': truncation from 'double' to 'float'
C:\Users\sadeg\source\repos\ghasem24681357\question4\Source.cpp(162,35): warning C4305: '-=': truncation from 'double' to 'float'
C:\Users\sadeg\source\repos\ghasem24681357\question4\Source.cpp(181,28): warning C4305: 'argument': truncation from 'double' to 'GLfloat'
C:\Users\sadeg\source\repos\ghasem24681357\question4\Source.cpp(186,29): warning C4305: 'argument': truncation from 'double' to 'GLfloat'
C:\Users\sadeg\source\repos\ghasem24681357\question4\Source.cpp(188,27): warning C4305: 'argument': truncation from 'double' to 'GLfloat'
C:\Users\sadeg\source\repos\ghasem24681357\question4\Source.cpp(196,28): warning C4305: 'argument': truncation from 'double' to 'GLfloat'
C:\Users\sadeg\source\repos\ghasem24681357\question4\Source.cpp(197,27): warning C4305: 'argument': truncation from 'double' to 'GLfloat'
C:\Users\sadeg\source\repos\ghasem24681357\question4\Source.cpp(203,27): warning C4305: 'argument': truncation from 'double' to 'GLfloat'
C:\Users\sadeg\source\repos\ghasem24681357\question4\Source.cpp(220,31): warning C4305: 'argument': truncation from 'double' to 'GLfloat'
C:\Users\sadeg\source\repos\ghasem24681357\question4\Source.cpp(221,28): warning C4305: 'argument': truncation from 'double' to 'GLfloat'
C:\Users\sadeg\source\repos\ghasem24681357\question4\Source.cpp(222,30): warning C4305: 'argument': truncation from 'double' to 'GLfloat'
C:\Users\sadeg\source\repos\ghasem24681357\question4\Source.cpp(228,32): warning C4305: 'argument': truncation from 'double' to 'GLfloat'
C:\Users\sadeg\source\repos\ghasem24681357\question4\Source.cpp(229,28): warning C4305: 'argument': truncation from 'double' to 'GLfloat'
C:\Users\sadeg\source\repos\ghasem24681357\question4\Source.cpp(230,27): warning C4305: 'argument': truncation from 'double' to 'GLfloat'
C:\Users\sadeg\source\repos\ghasem24681357\question4\Source.cpp(244,21): warning C4305: '-=': truncation from 'double' to 'GLfloat'
C:\Users\sadeg\source\repos\ghasem24681357\question4\Source.cpp(244,35): warning C4305: '-=': truncation from 'double' to 'GLfloat'
C:\Users\sadeg\source\repos\ghasem24681357\question4\Source.cpp(244,49): warning C4305: '-=': truncation from 'double' to 'GLfloat'
C:\Users\sadeg\source\repos\ghasem24681357\question4\Source.cpp(246,24): warning C4305: '+=': truncation from 'double' to 'GLfloat'
C:\Users\sadeg\source\repos\ghasem24681357\question4\Source.cpp(246,38): warning C4305: '+=': truncation from 'double' to 'GLfloat'
C:\Users\sadeg\source\repos\ghasem24681357\question4\Source.cpp(246,52): warning C4305: '+=': truncation from 'double' to 'GLfloat'
C:\Users\sadeg\source\repos\ghasem24681357\question4\Source.cpp(253,22): warning C4305: '+=': truncation from 'double' to 'float'
C:\Users\sadeg\source\repos\ghasem24681357\question4\Source.cpp(261,22): warning C4305: '+=': truncation from 'double' to 'float'
C:\Users\sadeg\source\repos\ghasem24681357\question4\Source.cpp(269,24): warning C4305: '+=': truncation from 'double' to 'float'
C:\Users\sadeg\source\repos\ghasem24681357\question4\Source.cpp(273,23): warning C4305: '+=': truncation from 'double' to 'float'
C:\Users\sadeg\source\repos\ghasem24681357\question4\Source.cpp(279,24): warning C4305: '+=': truncation from 'double' to 'float'
C:\Users\sadeg\source\repos\ghasem24681357\question4\Source.cpp(285,25): warning C4305: '+=': truncation from 'double' to 'float'
C:\Users\sadeg\source\repos\ghasem24681357\question4\Source.cpp(291,26): warning C4305: '+=': truncation from 'double' to 'float'
  question4.vcxproj -> C:\Users\sadeg\source\repos\ghasem24681357\question4\Debug\question4.exe
